{"date":"Fri Feb 02 2018 14:16:29 GMT+0300 (Belarus Standard Time)","process":{"pid":2060,"uid":null,"gid":null,"cwd":"C:\\Users\\Vitaliya_Serabro\\Desktop\\frontcamp\\sreberka.github.io\\task-8","execPath":"C:\\Program Files\\nodejs\\node.exe","version":"v6.11.2","argv":["C:\\Program Files\\nodejs\\node.exe","C:\\Users\\Vitaliya_Serabro\\Desktop\\frontcamp\\sreberka.github.io\\task-8\\server.js"],"memoryUsage":{"rss":54927360,"heapTotal":38797312,"heapUsed":25668256,"external":18110856}},"os":{"loadavg":[0,0,0],"uptime":92596.7734862},"trace":[{"column":21,"file":"C:\\Users\\Vitaliya_Serabro\\Desktop\\frontcamp\\sreberka.github.io\\task-8\\server.js","function":null,"line":48,"method":null,"native":false},{"column":16,"file":"C:\\Users\\Vitaliya_Serabro\\Desktop\\frontcamp\\sreberka.github.io\\task-8\\node_modules\\mongoose\\lib\\model.js","function":null,"line":3928,"method":null,"native":false},{"column":21,"file":"C:\\Users\\Vitaliya_Serabro\\Desktop\\frontcamp\\sreberka.github.io\\task-8\\node_modules\\kareem\\index.js","function":null,"line":297,"method":null,"native":false},{"column":16,"file":"C:\\Users\\Vitaliya_Serabro\\Desktop\\frontcamp\\sreberka.github.io\\task-8\\node_modules\\kareem\\index.js","function":null,"line":135,"method":null,"native":false},{"column":7,"file":"internal/process/next_tick.js","function":"_combinedTickCallback","line":73,"method":null,"native":false},{"column":9,"file":"internal/process/next_tick.js","function":"process._tickCallback","line":104,"method":"_tickCallback","native":false}],"stack":["ReferenceError: blog is not defined","    at C:\\Users\\Vitaliya_Serabro\\Desktop\\frontcamp\\sreberka.github.io\\task-8\\server.js:48:21","    at Query.<anonymous> (C:\\Users\\Vitaliya_Serabro\\Desktop\\frontcamp\\sreberka.github.io\\task-8\\node_modules\\mongoose\\lib\\model.js:3928:16)","    at C:\\Users\\Vitaliya_Serabro\\Desktop\\frontcamp\\sreberka.github.io\\task-8\\node_modules\\kareem\\index.js:297:21","    at C:\\Users\\Vitaliya_Serabro\\Desktop\\frontcamp\\sreberka.github.io\\task-8\\node_modules\\kareem\\index.js:135:16","    at _combinedTickCallback (internal/process/next_tick.js:73:7)","    at process._tickCallback (internal/process/next_tick.js:104:9)"],"level":"error","message":"uncaughtException: blog is not defined","timestamp":"2018-02-02T11:16:29.257Z"}
{"level":"info","message":"localhost:8000/","timestamp":"2018-02-02T11:18:19.650Z"}
{"level":"info","message":"localhost:8000/favicon.ico","timestamp":"2018-02-02T11:18:19.744Z"}
{"level":"info","message":"localhost:8000/","timestamp":"2018-02-02T11:19:37.379Z"}
{"level":"info","message":"localhost:8000/favicon.ico","timestamp":"2018-02-02T11:19:37.467Z"}
{"level":"info","message":"localhost:8000/","timestamp":"2018-02-02T11:20:11.875Z"}
{"level":"info","message":"localhost:8000/favicon.ico","timestamp":"2018-02-02T11:20:11.967Z"}
{"level":"info","message":"localhost:8000/","timestamp":"2018-02-02T11:20:19.519Z"}
{"level":"info","message":"localhost:8000/favicon.ico","timestamp":"2018-02-02T11:20:19.610Z"}
{"level":"info","message":"localhost:8000/","timestamp":"2018-02-02T11:21:18.663Z"}
{"level":"info","message":"localhost:8000/favicon.ico","timestamp":"2018-02-02T11:21:18.760Z"}
{"level":"info","message":"localhost:8000/","timestamp":"2018-02-02T11:21:19.933Z"}
{"level":"info","message":"localhost:8000/favicon.ico","timestamp":"2018-02-02T11:21:20.017Z"}
{"level":"info","message":"localhost:8000/","timestamp":"2018-02-02T11:21:20.717Z"}
{"level":"info","message":"localhost:8000/favicon.ico","timestamp":"2018-02-02T11:21:20.795Z"}
{"level":"info","message":"localhost:8000/","timestamp":"2018-02-02T11:21:24.158Z"}
{"level":"info","message":"localhost:8000/favicon.ico","timestamp":"2018-02-02T11:21:24.241Z"}
{"level":"info","message":"localhost:8000/","timestamp":"2018-02-02T11:21:24.580Z"}
{"level":"info","message":"localhost:8000/favicon.ico","timestamp":"2018-02-02T11:21:24.660Z"}
{"level":"info","message":"localhost:8000/","timestamp":"2018-02-02T11:21:24.757Z"}
{"level":"info","message":"localhost:8000/favicon.ico","timestamp":"2018-02-02T11:21:24.839Z"}
{"level":"info","message":"localhost:8000/","timestamp":"2018-02-02T11:21:24.941Z"}
{"level":"info","message":"localhost:8000/favicon.ico","timestamp":"2018-02-02T11:21:25.025Z"}
{"level":"info","message":"localhost:8000/","timestamp":"2018-02-02T11:21:25.110Z"}
{"level":"info","message":"localhost:8000/favicon.ico","timestamp":"2018-02-02T11:21:25.189Z"}
{"level":"info","message":"localhost:8000/","timestamp":"2018-02-02T11:21:26.042Z"}
{"level":"info","message":"localhost:8000/favicon.ico","timestamp":"2018-02-02T11:21:26.220Z"}
{"level":"info","message":"localhost:8000/","timestamp":"2018-02-02T11:21:39.679Z"}
{"level":"info","message":"localhost:8000/favicon.ico","timestamp":"2018-02-02T11:21:39.772Z"}
{"level":"info","message":"localhost:8000/favicon.ico","timestamp":"2018-02-02T11:23:16.147Z"}
{"date":"Fri Feb 02 2018 14:24:52 GMT+0300 (Belarus Standard Time)","process":{"pid":7268,"uid":null,"gid":null,"cwd":"C:\\Users\\Vitaliya_Serabro\\Desktop\\frontcamp\\sreberka.github.io\\task-8","execPath":"C:\\Program Files\\nodejs\\node.exe","version":"v6.11.2","argv":["C:\\Program Files\\nodejs\\node.exe","C:\\Users\\Vitaliya_Serabro\\Desktop\\frontcamp\\sreberka.github.io\\task-8\\server.js"],"memoryUsage":{"rss":54677504,"heapTotal":38797312,"heapUsed":24966488,"external":18110390}},"os":{"loadavg":[0,0,0],"uptime":93100.0281132},"trace":[{"column":17,"file":"C:\\Users\\Vitaliya_Serabro\\Desktop\\frontcamp\\sreberka.github.io\\task-8\\server.js","function":null,"line":51,"method":null,"native":false},{"column":16,"file":"events.js","function":"NativeConnection.g","line":292,"method":"g","native":false},{"column":13,"file":"events.js","function":"emitNone","line":86,"method":null,"native":false},{"column":7,"file":"events.js","function":"NativeConnection.emit","line":185,"method":"emit","native":false},{"column":15,"file":"C:\\Users\\Vitaliya_Serabro\\Desktop\\frontcamp\\sreberka.github.io\\task-8\\node_modules\\mongoose\\lib\\connection.js","function":null,"line":404,"method":null,"native":false},{"column":72,"file":"C:\\Users\\Vitaliya_Serabro\\Desktop\\frontcamp\\sreberka.github.io\\task-8\\node_modules\\mongodb\\lib\\utils.js","function":"args.push","line":404,"method":"push","native":false},{"column":5,"file":"C:\\Users\\Vitaliya_Serabro\\Desktop\\frontcamp\\sreberka.github.io\\task-8\\node_modules\\mongodb\\lib\\mongo_client.js","function":null,"line":271,"method":null,"native":false},{"column":5,"file":"C:\\Users\\Vitaliya_Serabro\\Desktop\\frontcamp\\sreberka.github.io\\task-8\\node_modules\\mongodb\\lib\\mongo_client.js","function":"connectCallback","line":950,"method":null,"native":false},{"column":11,"file":"C:\\Users\\Vitaliya_Serabro\\Desktop\\frontcamp\\sreberka.github.io\\task-8\\node_modules\\mongodb\\lib\\mongo_client.js","function":null,"line":811,"method":null,"native":false},{"column":7,"file":"internal/process/next_tick.js","function":"_combinedTickCallback","line":73,"method":null,"native":false},{"column":9,"file":"internal/process/next_tick.js","function":"process._tickCallback","line":104,"method":"_tickCallback","native":false}],"stack":["ReferenceError: blogs is not defined","    at NativeConnection.<anonymous> (C:\\Users\\Vitaliya_Serabro\\Desktop\\frontcamp\\sreberka.github.io\\task-8\\server.js:51:17)","    at NativeConnection.g (events.js:292:16)","    at emitNone (events.js:86:13)","    at NativeConnection.emit (events.js:185:7)","    at C:\\Users\\Vitaliya_Serabro\\Desktop\\frontcamp\\sreberka.github.io\\task-8\\node_modules\\mongoose\\lib\\connection.js:404:15","    at args.push (C:\\Users\\Vitaliya_Serabro\\Desktop\\frontcamp\\sreberka.github.io\\task-8\\node_modules\\mongodb\\lib\\utils.js:404:72)","    at C:\\Users\\Vitaliya_Serabro\\Desktop\\frontcamp\\sreberka.github.io\\task-8\\node_modules\\mongodb\\lib\\mongo_client.js:271:5","    at connectCallback (C:\\Users\\Vitaliya_Serabro\\Desktop\\frontcamp\\sreberka.github.io\\task-8\\node_modules\\mongodb\\lib\\mongo_client.js:950:5)","    at C:\\Users\\Vitaliya_Serabro\\Desktop\\frontcamp\\sreberka.github.io\\task-8\\node_modules\\mongodb\\lib\\mongo_client.js:811:11","    at _combinedTickCallback (internal/process/next_tick.js:73:7)","    at process._tickCallback (internal/process/next_tick.js:104:9)"],"level":"error","message":"uncaughtException: blogs is not defined","timestamp":"2018-02-02T11:24:52.517Z"}
{"level":"info","message":"localhost:8000/favicon.ico","timestamp":"2018-02-02T11:30:25.837Z"}
{"level":"info","message":"localhost:8000/favicon.ico","timestamp":"2018-02-02T11:30:26.766Z"}
{"level":"info","message":"localhost:8000/favicon.ico","timestamp":"2018-02-02T11:30:27.019Z"}
{"level":"info","message":"localhost:8000/favicon.ico","timestamp":"2018-02-02T11:30:27.222Z"}
{"level":"info","message":"localhost:8000/","timestamp":"2018-02-02T11:30:48.069Z"}
{"level":"info","message":"localhost:8000/favicon.ico","timestamp":"2018-02-02T11:30:48.218Z"}
{"level":"info","message":"localhost:8000/blogs","timestamp":"2018-02-02T11:35:19.436Z"}
{"level":"info","message":"localhost:8000/favicon.ico","timestamp":"2018-02-02T11:35:20.021Z"}
{"level":"info","message":"localhost:8000/blogs","timestamp":"2018-02-02T11:35:24.766Z"}
{"level":"info","message":"localhost:8000/favicon.ico","timestamp":"2018-02-02T11:35:24.858Z"}
{"level":"info","message":"localhost:8000/blogs","timestamp":"2018-02-02T11:37:38.669Z"}
{"level":"info","message":"localhost:8000/favicon.ico","timestamp":"2018-02-02T11:37:38.759Z"}
{"level":"info","message":"localhost:8000/blogs","timestamp":"2018-02-02T11:37:39.451Z"}
{"level":"info","message":"localhost:8000/favicon.ico","timestamp":"2018-02-02T11:37:39.538Z"}
{"level":"info","message":"localhost:8000/favicon.ico","timestamp":"2018-02-02T11:38:27.223Z"}
{"level":"info","message":"localhost:8000/favicon.ico","timestamp":"2018-02-02T11:42:38.487Z"}
{"level":"info","message":"localhost:8000/favicon.ico","timestamp":"2018-02-02T11:42:59.883Z"}
{"level":"info","message":"localhost:8000/favicon.ico","timestamp":"2018-02-02T11:43:00.989Z"}
{"level":"info","message":"localhost:8000/favicon.ico","timestamp":"2018-02-02T11:43:01.152Z"}
{"level":"info","message":"localhost:8000/favicon.ico","timestamp":"2018-02-02T11:43:01.331Z"}
{"level":"info","message":"localhost:8000/favicon.ico","timestamp":"2018-02-02T11:43:01.501Z"}
{"level":"info","message":"localhost:8000/favicon.ico","timestamp":"2018-02-02T11:43:01.684Z"}
{"level":"info","message":"localhost:8000/favicon.ico","timestamp":"2018-02-02T11:43:19.489Z"}
{"level":"info","message":"localhost:8000/favicon.ico","timestamp":"2018-02-02T11:56:42.035Z"}
{"level":"info","message":"localhost:8000/favicon.ico","timestamp":"2018-02-02T12:07:16.889Z"}
{"level":"info","message":"localhost:8000/favicon.ico","timestamp":"2018-02-02T12:09:06.694Z"}
{"level":"info","message":"localhost:8000/favicon.ico","timestamp":"2018-02-02T12:09:37.156Z"}
{"level":"info","message":"localhost:8000/favicon.ico","timestamp":"2018-02-02T13:32:32.724Z"}
{"level":"info","message":"localhost:8000/blogs","timestamp":"2018-02-02T13:46:22.682Z"}
{"level":"info","message":"localhost:8000/blogs","timestamp":"2018-02-02T13:46:22.686Z"}
{"level":"info","message":"localhost:8000/favicon.ico","timestamp":"2018-02-02T13:46:31.534Z"}
{"level":"info","message":"localhost:8000/blogs","timestamp":"2018-02-02T13:46:38.651Z"}
{"level":"info","message":"localhost:8000/favicon.ico","timestamp":"2018-02-02T13:46:40.036Z"}
{"level":"info","message":"localhost:8000/blogs/24","timestamp":"2018-02-02T14:01:29.388Z"}
{"level":"info","message":"localhost:8000/blogs/24","timestamp":"2018-02-02T14:01:32.216Z"}
{"level":"info","message":"localhost:8000/blogs/24","timestamp":"2018-02-02T14:01:32.905Z"}
{"level":"info","message":"localhost:8000/blogs/24","timestamp":"2018-02-02T14:01:33.460Z"}
{"level":"info","message":"localhost:8000/blogs/24","timestamp":"2018-02-02T14:01:34.048Z"}
{"level":"info","message":"localhost:8000/blogs/24","timestamp":"2018-02-02T14:01:44.222Z"}
